\BOOKMARK [0][-]{chapter.2}{\376\377\000I\000n\000t\000r\000o\000d\000u\000c\000c\000i\000\363\000,\000\040\000m\000o\000t\000i\000v\000a\000c\000i\000o\000n\000s\000,\000\040\000p\000r\000o\000p\000\362\000s\000i\000t\000\040\000i\000\040\000o\000b\000j\000e\000c\000t\000i\000u\000s\000\040\000d\000e\000l\000\040\000p\000r\000o\000j\000e\000c\000t\000e}{}% 1
\BOOKMARK [1][-]{section.3}{\376\377\000I\000n\000t\000r\000o\000d\000u\000c\000c\000i\000\363}{chapter.2}% 2
\BOOKMARK [1][-]{section.5}{\376\377\000M\000o\000t\000i\000v\000a\000c\000i\000o\000n\000s\000\040\000i\000\040\000p\000r\000o\000p\000\362\000s\000i\000t}{chapter.2}% 3
\BOOKMARK [1][-]{section.6}{\376\377\000O\000b\000j\000e\000c\000t\000i\000u\000s\000\040\000d\000e\000l\000\040\000p\000r\000o\000j\000e\000c\000t\000e}{chapter.2}% 4
\BOOKMARK [0][-]{chapter.7}{\376\377\000E\000s\000t\000u\000d\000i\000\040\000d\000e\000\040\000v\000i\000a\000b\000i\000l\000i\000t\000a\000t}{}% 5
\BOOKMARK [1][-]{section.8}{\376\377\000V\000i\000a\000b\000i\000l\000i\000t\000a\000t\000\040\000d\000e\000l\000\040\000p\000r\000o\000j\000e\000c\000t\000e}{chapter.7}% 6
\BOOKMARK [1][-]{section.9}{\376\377\000R\000e\000c\000u\000r\000s\000o\000s\000\040\000u\000s\000a\000t\000s}{chapter.7}% 7
\BOOKMARK [1][-]{section.10}{\376\377\000V\000i\000a\000b\000i\000l\000i\000t\000a\000t\000\040\000e\000c\000o\000n\000\362\000m\000i\000c\000a}{chapter.7}% 8
\BOOKMARK [0][-]{chapter.12}{\376\377\000M\000e\000t\000o\000d\000o\000l\000o\000g\000i\000a}{}% 9
\BOOKMARK [0][-]{chapter.13}{\376\377\000P\000l\000a\000n\000i\000f\000i\000c\000a\000c\000i\000\363}{}% 10
\BOOKMARK [1][-]{section.14}{\376\377\000P\000l\000a\000n\000i\000f\000i\000c\000a\000c\000i\000\363\000\040\000i\000n\000i\000c\000i\000a\000l\000\040\000d\000e\000l\000\040\000p\000r\000o\000j\000e\000c\000t\000e}{chapter.13}% 11
\BOOKMARK [1][-]{section.15}{\376\377\000S\000e\000g\000u\000i\000m\000e\000n\000t\000\040\000d\000e\000\040\000l\000a\000\040\000p\000l\000a\000n\000i\000f\000i\000c\000a\000c\000i\000\363}{chapter.13}% 12
\BOOKMARK [2][-]{subsection.16}{\376\377\000\332\000s\000\040\000d\000e\000\040\000l\000'\000A\000P\000I\000\040\000d\000e\000\040\000Z\0003}{section.15}% 13
\BOOKMARK [2][-]{subsection.17}{\376\377\000A\000n\000\340\000l\000i\000s\000i\000\040\000d\000e\000l\000\040\000t\000r\000e\000b\000a\000l\000l\000\040\000f\000e\000t\000\040\000a\000\040\000S\000t\000.\000\040\000A\000n\000d\000r\000e\000w\000s}{section.15}% 14
\BOOKMARK [2][-]{subsection.18}{\376\377\000I\000m\000p\000l\000e\000m\000e\000n\000t\000a\000c\000i\000\363\000\040\000d\000e\000l\000\040\000m\000o\000d\000e\000l\000\040\000b\000\340\000s\000i\000c}{section.15}% 15
\BOOKMARK [2][-]{subsection.19}{\376\377\000C\000r\000e\000a\000c\000i\000\363\000\040\000d\000'\000i\000n\000s\000t\000\340\000n\000c\000i\000e\000s}{section.15}% 16
\BOOKMARK [2][-]{subsection.20}{\376\377\000A\000p\000l\000i\000c\000a\000r\000\040\000m\000i\000l\000l\000o\000r\000e\000s\000\040\000s\000o\000b\000r\000e\000\040\000e\000l\000\040\000m\000o\000d\000e\000l\000\040\000b\000a\000s\000e}{section.15}% 17
\BOOKMARK [2][-]{subsection.21}{\376\377\000V\000i\000s\000u\000a\000l\000i\000t\000z\000a\000c\000i\000\363\000\040\000d\000e\000\040\000l\000e\000s\000\040\000i\000n\000s\000t\000\340\000n\000c\000i\000e\000s\000\040\000r\000e\000s\000o\000l\000t\000e\000s}{section.15}% 18
\BOOKMARK [2][-]{subsection.22}{\376\377\000R\000e\000d\000a\000c\000c\000i\000\363\000\040\000d\000e\000\040\000l\000a\000\040\000m\000e\000m\000\362\000r\000i\000a}{section.15}% 19
\BOOKMARK [0][-]{chapter.24}{\376\377\000M\000a\000r\000c\000\040\000d\000e\000\040\000t\000r\000e\000b\000a\000l\000l\000\040\000i\000\040\000c\000o\000n\000c\000e\000p\000t\000e\000s\000\040\000p\000r\000e\000v\000i\000s}{}% 20
\BOOKMARK [1][-]{section.25}{\376\377\000P\000r\000o\000b\000l\000e\000m\000e\000s\000\040\000d\000e\000\040\000s\000a\000t\000i\000s\000f\000a\000c\000c\000i\000\363\000\040\000d\000e\000\040\000r\000e\000s\000t\000r\000i\000c\000c\000i\000o\000n\000s}{chapter.24}% 21
\BOOKMARK [1][-]{section.26}{\376\377\000C\000o\000m\000p\000l\000e\000x\000i\000t\000a\000t\000\040\000c\000o\000m\000p\000u\000t\000a\000c\000i\000o\000n\000a\000l}{chapter.24}% 22
\BOOKMARK [2][-]{subsection.27}{\376\377\000M\000\340\000q\000u\000i\000n\000a\000\040\000d\000e\000\040\000T\000u\000r\000i\000n\000g}{section.26}% 23
\BOOKMARK [2][-]{subsection.28}{\376\377\000C\000l\000a\000s\000s\000e\000s\000\040\000d\000e\000\040\000c\000o\000m\000p\000l\000e\000x\000i\000t\000a\000t}{section.26}% 24
\BOOKMARK [3][-]{section*.29}{\376\377\000C\000l\000a\000s\000s\000e\000\040\000P}{subsection.28}% 25
\BOOKMARK [3][-]{section*.30}{\376\377\000C\000l\000a\000s\000s\000e\000\040\000N\000P\000\040\000i\000\040\000N\000P\000-\000c\000o\000m\000p\000l\000e\000t}{subsection.28}% 26
\BOOKMARK [3][-]{section*.31}{\376\377\000N\000P\000-\000h\000a\000r\000d}{subsection.28}% 27
\BOOKMARK [1][-]{section.33}{\376\377\000S\000A\000T}{chapter.24}% 28
\BOOKMARK [1][-]{section.35}{\376\377\000S\000M\000T}{chapter.24}% 29
\BOOKMARK [1][-]{section.38}{\376\377\000E\000l\000e\000m\000e\000n\000t\000s\000\040\000b\000\340\000s\000i\000c\000s\000\040\000d\000e\000l\000\040\000j\000o\000c\000\040\000F\000a\000c\000t\000o\000r\000i\000o}{chapter.24}% 30
\BOOKMARK [2][-]{subsection.39}{\376\377\000C\000i\000n\000t\000a\000\040\000t\000r\000a\000n\000s\000p\000o\000r\000t\000a\000d\000o\000r\000a}{section.38}% 31
\BOOKMARK [2][-]{subsection.41}{\376\377\000I\000n\000s\000e\000r\000i\000d\000o\000r}{section.38}% 32
\BOOKMARK [2][-]{subsection.44}{\376\377\000A\000s\000s\000e\000m\000b\000l\000a\000d\000o\000r}{section.38}% 33
\BOOKMARK [3][-]{section*.46}{\376\377\000R\000e\000c\000e\000p\000t\000e\000s}{subsection.44}% 34
\BOOKMARK [1][-]{section.48}{\376\377\000C\000o\000n\000c\000e\000p\000t\000e\000s\000\040\000r\000e\000l\000a\000c\000i\000o\000n\000a\000t\000s\000\040\000a\000m\000b\000\040\000e\000l\000s\000\040\000e\000l\000e\000m\000e\000n\000t\000s\000\040\000b\000\340\000s\000i\000c\000s\000\040\000d\000e\000l\000\040\000j\000o\000c}{chapter.24}% 35
\BOOKMARK [2][-]{subsection.49}{\376\377\000R\000u\000t\000a}{section.48}% 36
\BOOKMARK [2][-]{subsection.50}{\376\377\000T\000i\000p\000u\000s\000\040\000d\000'\000o\000b\000j\000e\000c\000t\000e\000s}{section.48}% 37
\BOOKMARK [2][-]{subsection.51}{\376\377\000Q\000u\000a\000n\000t\000i\000t\000a\000t\000\040\000d\000'\000o\000b\000j\000e\000c\000t\000e\000s}{section.48}% 38
\BOOKMARK [1][-]{section.52}{\376\377\000E\000l\000\040\000p\000r\000o\000b\000l\000e\000m\000a\000\040\000d\000e\000l\000\040\000b\000l\000u\000e\000p\000r\000i\000n\000t}{chapter.24}% 39
\BOOKMARK [2][-]{subsection.53}{\376\377\000E\000x\000e\000m\000p\000l\000e\000\040\000d\000e\000l\000\040\000p\000r\000o\000b\000l\000e\000m\000a}{section.52}% 40
\BOOKMARK [0][-]{chapter.57}{\376\377\000R\000e\000q\000u\000i\000s\000i\000t\000s\000\040\000d\000e\000l\000\040\000s\000i\000s\000t\000e\000m\000a}{}% 41
\BOOKMARK [1][-]{section.65}{\376\377\000Z\0003}{chapter.57}% 42
\BOOKMARK [2][-]{subsection.66}{\376\377\000T\000i\000p\000u\000s\000\040\000i\000\040\000d\000e\000c\000l\000a\000r\000a\000c\000i\000\363\000\040\000d\000e\000\040\000v\000a\000r\000i\000a\000b\000l\000e\000s}{section.65}% 43
\BOOKMARK [2][-]{subsection.77}{\376\377\000O\000p\000e\000r\000a\000d\000o\000r\000s\000\040\000l\000\362\000g\000i\000c\000s}{section.65}% 44
\BOOKMARK [1][-]{section.85}{\376\377\000F\000l\000a\000s\000k}{chapter.57}% 45
\BOOKMARK [2][-]{subsection.86}{\376\377\000C\000r\000e\000a\000r\000\040\000E\000n\000d\000p\000o\000i\000n\000t\000s\000\040\000u\000s\000a\000n\000t\000\040\000F\000l\000a\000s\000k}{section.85}% 46
\BOOKMARK [2][-]{subsection.99}{\376\377\000E\000s\000t\000r\000u\000c\000t\000u\000r\000a\000\040\000d\000e\000\040\000f\000i\000t\000x\000e\000r\000s}{section.85}% 47
\BOOKMARK [2][-]{subsection.100}{\376\377\000P\000e\000t\000i\000c\000i\000o\000n\000s\000\040\000d\000e\000s\000\040\000d\000e\000l\000\040\000c\000l\000i\000e\000n\000t\000\040\000w\000e\000b}{section.85}% 48
\BOOKMARK [0][-]{chapter.120}{\376\377\000E\000s\000t\000u\000d\000i\000s\000\040\000i\000\040\000d\000e\000c\000i\000s\000i\000o\000n\000s}{}% 49
\BOOKMARK [1][-]{section.121}{\376\377\000L\000l\000i\000b\000r\000e\000r\000i\000a\000\040\000d\000e\000\040\000s\000o\000l\000v\000i\000n\000g}{chapter.120}% 50
\BOOKMARK [1][-]{section.122}{\376\377\000L\000l\000e\000n\000g\000u\000a\000t\000g\000e\000\040\000d\000e\000\040\000p\000r\000o\000g\000r\000a\000m\000a\000c\000i\000\363}{chapter.120}% 51
\BOOKMARK [1][-]{section.123}{\376\377\000I\000n\000t\000e\000r\000f\000\355\000c\000i\000e\000\040\000g\000r\000\340\000f\000i\000c\000a}{chapter.120}% 52
\BOOKMARK [1][-]{section.124}{\376\377\000C\000o\000n\000n\000e\000x\000i\000\363\000\040\000c\000l\000i\000e\000n\000t\000\040\000s\000e\000r\000v\000i\000d\000o\000r}{chapter.120}% 53
\BOOKMARK [1][-]{section.125}{\376\377\000E\000s\000t\000r\000u\000c\000t\000u\000r\000a\000\040\000d\000e\000l\000\040\000m\000o\000d\000e\000l}{chapter.120}% 54
\BOOKMARK [1][-]{section.126}{\376\377\000I\000n\000s\000t\000\340\000n\000c\000i\000e\000s}{chapter.120}% 55
\BOOKMARK [0][-]{chapter.127}{\376\377\000D\000i\000s\000s\000e\000n\000y\000\040\000d\000e\000l\000\040\000m\000o\000d\000e\000l}{}% 56
\BOOKMARK [1][-]{section.128}{\376\377\000I\000m\000p\000l\000e\000m\000e\000n\000t\000a\000c\000i\000\363\000\040\000d\000e\000l\000\040\000m\000o\000d\000e\000l\000\040\000b\000a\000s\000e}{chapter.127}% 57
\BOOKMARK [2][-]{subsection.129}{\376\377\000R\000u\000t\000e\000s}{section.128}% 58
\BOOKMARK [3][-]{section*.131}{\376\377\000A\000u\000g\000m\000e\000n\000t\000\040\000d\000e\000\040\000r\000u\000t\000a}{subsection.129}% 59
\BOOKMARK [3][-]{section*.154}{\376\377\000D\000e\000c\000r\000e\000m\000e\000n\000t\000\040\000d\000e\000\040\000r\000u\000t\000a}{subsection.129}% 60
\BOOKMARK [3][-]{section*.183}{\376\377\000E\000n\000t\000r\000a\000d\000a\000\040\000i\000\040\000s\000o\000r\000t\000i\000d\000a\000\040\000d\000e\000\040\000l\000e\000s\000\040\000c\000i\000n\000t\000e\000s}{subsection.129}% 61
\BOOKMARK [3][-]{section*.215}{\376\377\000E\000n\000t\000r\000a\000d\000a\000\040\000i\000\040\000s\000o\000r\000t\000i\000d\000a\000\040\000d\000e\000l\000s\000\040\000i\000n\000s\000e\000r\000i\000d\000o\000r\000s}{subsection.129}% 62
\BOOKMARK [2][-]{subsection.249}{\376\377\000R\000e\000s\000t\000r\000i\000c\000c\000i\000o\000n\000s\000\040\000d\000e\000l\000s\000\040\000a\000s\000s\000e\000m\000b\000l\000a\000d\000o\000r\000s}{section.128}% 63
\BOOKMARK [3][-]{section*.251}{\376\377\000C\000o\000l\000\267\000l\000i\000s\000i\000\363\000\040\000d\000e\000l\000s\000\040\000a\000s\000s\000e\000m\000b\000l\000a\000d\000o\000r\000s}{subsection.249}% 64
\BOOKMARK [3][-]{section*.262}{\376\377\000E\000n\000l\000l\000a\000\347\000a\000r\000\040\000c\000o\000l\000\267\000l\000i\000s\000i\000\363\000\040\000a\000m\000b\000\040\000a\000s\000s\000e\000m\000b\000l\000a\000d\000o\000r}{subsection.249}% 65
\BOOKMARK [2][-]{subsection.274}{\376\377\000T\000i\000p\000u\000s\000\040\000d\000'\000o\000b\000j\000e\000c\000t\000e\000s}{section.128}% 66
\BOOKMARK [3][-]{section*.276}{\376\377\000F\000o\000r\000m\000a\000\040\000p\000a\000r\000t\000\040\000d\000e\000\040\000l\000a\000\040\000r\000u\000t\000a}{subsection.274}% 67
\BOOKMARK [3][-]{section*.280}{\376\377\000E\000n\000t\000r\000a\000d\000a\000\040\000i\000\040\000s\000o\000r\000t\000i\000d\000a\000\040\000d\000'\000o\000b\000j\000e\000c\000t\000e\000s}{subsection.274}% 68
\BOOKMARK [3][-]{section*.287}{\376\377\000P\000r\000o\000p\000a\000g\000a\000c\000i\000\363\000\040\000d\000e\000l\000\040\000t\000i\000p\000u\000s\000\040\000d\000'\000o\000b\000j\000e\000c\000t\000e\000s}{subsection.274}% 69
\BOOKMARK [2][-]{subsection.312}{\376\377\000Q\000u\000a\000n\000t\000i\000t\000a\000t\000\040\000d\000'\000o\000b\000j\000e\000c\000t\000e\000s}{section.128}% 70
\BOOKMARK [3][-]{section*.314}{\376\377\000F\000o\000r\000m\000a\000\040\000p\000a\000r\000t\000\040\000d\000e\000\040\000l\000a\000\040\000r\000u\000t\000a}{subsection.312}% 71
\BOOKMARK [3][-]{section*.320}{\376\377\000P\000r\000o\000p\000a\000g\000a\000c\000i\000\363\000\040\000d\000e\000\040\000l\000a\000\040\000q\000u\000a\000n\000t\000i\000t\000a\000t\000\040\000d\000'\000o\000b\000j\000e\000c\000t\000e\000s\000\040\000\050\000C\000i\000n\000t\000e\000s\000\051}{subsection.312}% 72
\BOOKMARK [3][-]{section*.347}{\376\377\000P\000r\000o\000p\000a\000g\000a\000c\000i\000\363\000\040\000d\000e\000\040\000l\000a\000\040\000q\000u\000a\000n\000t\000i\000t\000a\000t\000\040\000d\000'\000o\000b\000j\000e\000c\000t\000e\000s\000\040\000\050\000i\000n\000s\000e\000r\000i\000d\000o\000r\000s\000\051}{subsection.312}% 73
\BOOKMARK [2][-]{subsection.348}{\376\377\000R\000e\000c\000e\000p\000t\000e\000s}{section.128}% 74
\BOOKMARK [3][-]{section*.350}{\376\377\000A\000s\000s\000o\000c\000i\000a\000r\000\040\000r\000e\000c\000e\000p\000t\000a}{subsection.348}% 75
\BOOKMARK [3][-]{section*.359}{\376\377\000I\000n\000g\000r\000e\000d\000i\000e\000n\000t\000s\000\040\000d\000'\000e\000n\000t\000r\000a\000d\000a\000\040\000i\000\040\000s\000o\000r\000t\000i\000d\000a}{subsection.348}% 76
\BOOKMARK [3][-]{section*.407}{\376\377\000R\000\340\000t\000i\000o\000s\000\040\000d\000'\000e\000n\000t\000r\000a\000d\000a}{subsection.348}% 77
\BOOKMARK [3][-]{section*.434}{\376\377\000R\000\340\000t\000i\000o\000\040\000m\000\355\000n\000i\000m\000a}{subsection.348}% 78
\BOOKMARK [3][-]{section*.444}{\376\377\000Q\000u\000a\000n\000t\000i\000t\000a\000t\000\040\000d\000'\000o\000b\000j\000e\000c\000t\000e\000s\000\040\000d\000e\000\040\000s\000o\000r\000t\000i\000d\000a}{subsection.348}% 79
\BOOKMARK [1][-]{section.465}{\376\377\000C\000a\000n\000v\000i\000s\000\040\000f\000e\000t\000s\000\040\000a\000l\000\040\000m\000o\000d\000e\000l\000\040\000p\000e\000r\000\040\000a\000p\000r\000o\000x\000i\000m\000a\000r\000-\000l\000o\000\040\000m\000\351\000s\000\040\000a\000l\000\040\000c\000o\000m\000p\000o\000r\000t\000a\000m\000e\000n\000t\000\040\000r\000e\000a\000l\000\040\000d\000e\000l\000\040\000j\000o\000c}{chapter.127}% 80
\BOOKMARK [2][-]{subsection.466}{\376\377\000P\000r\000o\000p\000a\000g\000a\000c\000i\000\363\000\040\000d\000e\000\040\000l\000a\000\040\000q\000u\000a\000n\000t\000i\000t\000a\000t\000\040\000d\000'\000o\000b\000j\000e\000c\000t\000e\000s\000\040\000e\000n\000\040\000i\000n\000s\000e\000r\000i\000d\000o\000r\000s}{section.465}% 81
\BOOKMARK [2][-]{subsection.501}{\376\377\000R\000\340\000t\000i\000o\000s\000\040\000d\000'\000e\000n\000t\000r\000a\000d\000a\000\040\000i\000\040\000r\000\340\000t\000i\000o\000\040\000m\000\355\000n\000i\000m\000a}{section.465}% 82
\BOOKMARK [2][-]{subsection.511}{\376\377\000Q\000u\000a\000n\000t\000i\000t\000a\000t\000\040\000d\040\031\000o\000b\000j\000e\000c\000t\000e\000s\000\040\000d\000e\000\040\000s\000o\000r\000t\000i\000d\000a}{section.465}% 83
\BOOKMARK [1][-]{section.542}{\376\377\000M\000i\000l\000l\000o\000r\000e\000s\000\040\000a\000l\000\040\000m\000o\000d\000e\000l}{chapter.127}% 84
\BOOKMARK [2][-]{subsection.543}{\376\377\000U\000p\000p\000e\000r\000\040\000b\000o\000u\000n\000d}{section.542}% 85
\BOOKMARK [2][-]{subsection.544}{\376\377\000L\000o\000w\000e\000r\000\040\000b\000o\000u\000n\000d}{section.542}% 86
\BOOKMARK [2][-]{subsection.552}{\376\377\000P\000r\000e\000\040\000c\000o\000m\000p\000u\000t\000a\000r\000\040\000l\000e\000s\000\040\000r\000e\000c\000e\000p\000t\000e\000s\000\040\000a\000s\000s\000o\000c\000i\000a\000d\000e\000s\000\040\000a\000l\000s\000\040\000a\000s\000s\000e\000m\000b\000l\000a\000d\000o\000r\000s}{section.542}% 87
\BOOKMARK [3][-]{section*.553}{\376\377\000O\000b\000j\000e\000c\000t\000e\000s\000\040\000i\000\040\000r\000e\000c\000e\000p\000t\000e\000s}{subsection.552}% 88
\BOOKMARK [3][-]{section*.555}{\376\377\000S\000i\000s\000t\000e\000m\000a\000\040\000d\000'\000e\000q\000u\000a\000c\000i\000o\000n\000s}{subsection.552}% 89
\BOOKMARK [3][-]{section*.556}{\376\377\000L\000i\000m\000i\000t\000a\000r\000\040\000l\000'\000e\000s\000p\000a\000i\000\040\000d\000e\000\040\000s\000o\000l\000u\000c\000i\000o\000n\000s}{subsection.552}% 90
\BOOKMARK [3][-]{section*.570}{\376\377\000O\000p\000t\000i\000m\000i\000t\000z\000a\000c\000i\000\363}{subsection.552}% 91
\BOOKMARK [2][-]{subsection.573}{\376\377\000E\000l\000i\000m\000i\000n\000a\000c\000i\000\363\000\040\000d\000e\000\040\000s\000i\000m\000e\000t\000r\000i\000e\000s}{section.542}% 92
\BOOKMARK [2][-]{subsection.593}{\376\377\000E\000l\000i\000m\000i\000n\000a\000c\000i\000\363\000\040\000d\000e\000\040\000c\000o\000n\000n\000e\000x\000i\000o\000n\000s\000\040\000r\000e\000d\000u\000n\000d\000a\000n\000t\000s\000\040\000c\000i\000n\000t\000a\000-\000i\000n\000s\000e\000r\000i\000d\000o\000r}{section.542}% 93
\BOOKMARK [1][-]{section.610}{\376\377\000C\000r\000i\000t\000e\000r\000i\000s\000\040\000d\000'\000o\000p\000t\000i\000m\000i\000t\000z\000a\000c\000i\000\363}{chapter.127}% 94
\BOOKMARK [2][-]{subsection.611}{\376\377\000M\000a\000x\000i\000m\000i\000t\000z\000a\000r\000\040\000l\000a\000\040\000q\000u\000a\000n\000t\000i\000t\000a\000t\000\040\000d\000'\000o\000b\000j\000e\000c\000t\000e\000s}{section.610}% 95
\BOOKMARK [2][-]{subsection.623}{\376\377\000M\000i\000n\000i\000m\000i\000t\000z\000a\000r\000\040\000l\000a\000\040\000m\000i\000d\000a\000\040\000d\000e\000\040\000l\000e\000s\000\040\000r\000u\000t\000e\000s}{section.610}% 96
\BOOKMARK [2][-]{subsection.630}{\376\377\000M\000i\000n\000i\000m\000i\000t\000z\000a\000r\000\040\000l\000a\000\040\000p\000\350\000r\000d\000u\000a\000\040\000d\000'\000o\000b\000j\000e\000c\000t\000e\000s}{section.610}% 97
\BOOKMARK [0][-]{chapter.644}{\376\377\000D\000i\000s\000s\000e\000n\000y\000\040\000d\000e\000l\000\040\000f\000r\000o\000n\000t\000\040\000e\000n\000d}{}% 98
\BOOKMARK [1][-]{section.645}{\376\377\000D\000i\000s\000t\000r\000i\000b\000u\000c\000i\000\363\000\040\000d\000e\000\040\000l\000a\000\040\000p\000\340\000g\000i\000n\000a\000\040\000w\000e\000b}{chapter.644}% 99
\BOOKMARK [2][-]{subsection.646}{\376\377\000P\000\340\000g\000i\000n\000a\000\040\000p\000r\000i\000n\000c\000i\000p\000a\000l}{section.645}% 100
\BOOKMARK [2][-]{subsection.648}{\376\377\000G\000e\000n\000e\000r\000a\000r\000\040\000i\000n\000s\000t\000\340\000n\000c\000i\000e\000s}{section.645}% 101
\BOOKMARK [3][-]{section*.649}{\376\377\000O\000b\000j\000e\000c\000t\000e\000\040\000a\000\040\000p\000r\000o\000d\000u\000i\000r}{subsection.648}% 102
\BOOKMARK [3][-]{section*.651}{\376\377\000M\000i\000d\000a\000\040\000d\000e\000l\000\040\000b\000l\000u\000e\000p\000r\000i\000n\000t}{subsection.648}% 103
\BOOKMARK [3][-]{section*.653}{\376\377\000E\000n\000t\000r\000a\000d\000e\000s\000\040\000i\000\040\000s\000o\000r\000t\000i\000d\000e\000s\000\040\000d\000e\000l\000\040\000b\000l\000u\000e\000p\000r\000i\000n\000t}{subsection.648}% 104
\BOOKMARK [3][-]{section*.655}{\376\377\000R\000e\000s\000o\000l\000d\000r\000e\000\040\000l\000a\000\040\000i\000n\000s\000t\000\340\000n\000c\000i\000a}{subsection.648}% 105
\BOOKMARK [2][-]{subsection.657}{\376\377\000V\000i\000s\000u\000a\000l\000i\000t\000z\000a\000r\000\040\000i\000n\000s\000t\000\340\000n\000c\000i\000e\000s}{section.645}% 106
\BOOKMARK [1][-]{section.661}{\376\377\000I\000m\000p\000l\000e\000m\000e\000n\000t\000a\000c\000i\000\363\000\040\000d\000e\000\040\000l\000a\000\040\000p\000\340\000g\000i\000n\000a\000\040\000w\000e\000b}{chapter.644}% 107
\BOOKMARK [2][-]{subsection.662}{\376\377\000D\000i\000s\000s\000e\000n\000y\000\040\000d\000e\000l\000\040\000c\000a\000n\000v\000a\000s\000\040\000i\000n\000t\000e\000r\000a\000c\000t\000i\000u}{section.661}% 108
\BOOKMARK [3][-]{section*.664}{\376\377\000E\000s\000t\000r\000u\000c\000t\000u\000r\000a\000\040\000d\000e\000\040\000d\000a\000d\000e\000s\000\040\000p\000e\000r\000\040\000g\000u\000a\000r\000d\000a\000r\000\040\000l\000a\000\040\000i\000n\000f\000o\000r\000m\000a\000c\000i\000\363\000\040\000d\000e\000\040\000l\000a\000\040\000g\000r\000a\000e\000l\000l\000a}{subsection.662}% 109
\BOOKMARK [2][-]{subsection.666}{\376\377\000A\000l\000g\000u\000n\000s\000\040\000d\000e\000t\000a\000l\000l\000s\000\040\000i\000n\000t\000e\000r\000e\000s\000s\000a\000n\000t\000s}{section.661}% 110
\BOOKMARK [3][-]{section*.667}{\376\377\000D\000e\000m\000a\000n\000a\000r\000\040\000i\000m\000a\000t\000g\000e\000s\000\040\000a\000l\000\040\000s\000e\000r\000v\000i\000d\000o\000r}{subsection.666}% 111
\BOOKMARK [3][-]{section*.682}{\376\377\000E\000v\000i\000t\000a\000r\000\040\000f\000e\000r\000\040\000c\000r\000i\000d\000e\000s\000\040\000d\000e\000\040\000d\000i\000b\000u\000i\000x\000a\000t\000\040\000i\000n\000n\000e\000c\000e\000s\000s\000\340\000r\000i\000e\000s}{subsection.666}% 112
\BOOKMARK [0][-]{chapter.698}{\376\377\000E\000x\000p\000e\000r\000i\000m\000e\000n\000t\000a\000c\000i\000\363}{}% 113
\BOOKMARK [1][-]{section.699}{\376\377\000G\000e\000n\000e\000r\000a\000c\000i\000\363\000\040\000d\000'\000i\000n\000s\000t\000\340\000n\000c\000i\000e\000s}{chapter.698}% 114
\BOOKMARK [2][-]{subsection.700}{\376\377\000M\000i\000d\000a\000\040\000d\000e\000l\000\040\000b\000l\000u\000e\000p\000r\000i\000n\000t}{section.699}% 115
\BOOKMARK [2][-]{subsection.701}{\376\377\000O\000b\000j\000e\000c\000t\000e\000\040\000a\000\040\000p\000r\000o\000d\000u\000i\000r}{section.699}% 116
\BOOKMARK [2][-]{subsection.702}{\376\377\000P\000o\000s\000i\000c\000i\000o\000n\000s\000\040\000d\000'\000e\000n\000t\000r\000a\000d\000a\000\040\000i\000\040\000s\000o\000r\000t\000i\000d\000a}{section.699}% 117
\BOOKMARK [1][-]{section.703}{\376\377\000I\000n\000s\000t\000\340\000n\000c\000i\000e\000s\000\040\000g\000e\000n\000e\000r\000a\000d\000e\000s}{chapter.698}% 118
\BOOKMARK [1][-]{section.708}{\376\377\000M\000o\000d\000e\000l\000s\000\040\000d\000e\000\040\000p\000r\000o\000v\000e\000s}{chapter.698}% 119
\BOOKMARK [2][-]{subsection.709}{\376\377\000P\000r\000i\000m\000e\000r\000a\000\040\000v\000e\000r\000s\000i\000\363\000\040\000\050\000m\000o\000d\000e\000l\000\040\000b\000a\000s\000e\000\051}{section.708}% 120
\BOOKMARK [2][-]{subsection.710}{\376\377\000S\000e\000g\000o\000n\000a\000\040\000v\000e\000r\000s\000i\000\363\000\040\000\050\000p\000r\000e\000\040\000c\000\340\000l\000c\000u\000l\000\040\000i\000\040\000b\000o\000u\000n\000d\000s\000\051}{section.708}% 121
\BOOKMARK [2][-]{subsection.711}{\376\377\000T\000e\000r\000c\000e\000r\000a\000\040\000v\000e\000r\000s\000i\000\363\000\040\000\050\000t\000r\000e\000n\000c\000a\000m\000e\000n\000t\000\040\000d\000e\000\040\000s\000i\000m\000e\000t\000r\000i\000e\000s\000\040\0001\000\051}{section.708}% 122
\BOOKMARK [2][-]{subsection.712}{\376\377\000Q\000u\000a\000r\000t\000a\000\040\000v\000e\000r\000s\000i\000\363\000\040\000\050\000t\000r\000e\000n\000c\000a\000m\000e\000n\000t\000\040\000d\000e\000\040\000s\000i\000m\000e\000t\000r\000i\000e\000s\000\040\0002\000\051}{section.708}% 123
\BOOKMARK [2][-]{subsection.713}{\376\377\000C\000i\000n\000q\000u\000e\000n\000a\000\040\000v\000e\000r\000s\000i\000\363\000\040\000\050\000i\000n\000s\000e\000r\000i\000d\000o\000r\000s\000\040\000r\000e\000d\000u\000n\000d\000a\000n\000t\000s\000\051}{section.708}% 124
\BOOKMARK [1][-]{section.714}{\376\377\000R\000e\000s\000u\000l\000t\000a\000t\000s}{chapter.698}% 125
\BOOKMARK [2][-]{subsection.715}{\376\377\000N\000o\000m\000b\000r\000e\000\040\000d\000'\000i\000n\000s\000t\000\340\000n\000c\000i\000e\000s\000\040\000r\000e\000s\000o\000l\000t\000e\000s}{section.714}% 126
\BOOKMARK [2][-]{subsection.718}{\376\377\000T\000e\000m\000p\000s\000\040\000d\000e\000\040\000r\000e\000s\000o\000l\000u\000c\000i\000\363}{section.714}% 127
\BOOKMARK [2][-]{subsection.722}{\376\377\000R\000e\000p\000r\000e\000s\000e\000n\000t\000a\000c\000i\000\363\000\040\000g\000r\000\340\000f\000i\000c\000a\000\040\000d\000'\000a\000l\000g\000u\000n\000e\000s\000\040\000i\000n\000s\000t\000\340\000n\000c\000i\000e\000s\000\040\000r\000e\000s\000o\000l\000t\000e\000s}{section.714}% 128
\BOOKMARK [0][-]{chapter.727}{\376\377\000C\000o\000n\000c\000l\000u\000s\000i\000o\000n\000s}{}% 129
\BOOKMARK [0][-]{chapter.728}{\376\377\000T\000r\000e\000b\000a\000l\000l\000\040\000F\000u\000t\000u\000r}{}% 130
\BOOKMARK [0][-]{appendix.729}{\376\377\000C\000o\000n\000v\000e\000r\000s\000a\000\040\000a\000m\000b\000\040\000e\000l\000\040\000s\000u\000p\000o\000r\000t\000\040\000d\000e\000\040\000F\000a\000c\000t\000o\000r\000i\000o}{}% 131
\BOOKMARK [0][-]{appendix.731}{\376\377\000S\000c\000r\000i\000p\000t\000\040\000p\000e\000r\000\040\000c\000o\000m\000p\000i\000l\000a\000r\000\040\000l\000a\000\040\000i\000n\000f\000o\000r\000m\000a\000c\000i\000\363\000\040\000d\000e\000\040\000l\000e\000s\000\040\000i\000n\000s\000t\000\340\000n\000c\000i\000e\000s}{}% 132
\BOOKMARK [0][-]{appendix.803}{\376\377\000S\000c\000r\000i\000p\000t\000\040\000p\000e\000r\000\040\000c\000o\000m\000p\000i\000l\000a\000r\000\040\000l\000a\000\040\000i\000n\000f\000o\000r\000m\000a\000c\000i\000\363\000\040\000d\000e\000\040\000l\000e\000s\000\040\000s\000o\000l\000u\000c\000i\000o\000n\000s}{}% 133
\BOOKMARK [0][-]{appendix.852}{\376\377\000T\000e\000m\000p\000s\000\040\000d\000e\000\040\000r\000e\000s\000o\000l\000u\000c\000i\000\363\000\040\000d\000e\000l\000s\000\040\000m\000o\000d\000e\000l\000s}{}% 134
\BOOKMARK [0][-]{appendix*.854}{\376\377\000B\000i\000b\000l\000i\000o\000g\000r\000a\000f\000i\000a}{}% 135
